<?xml version="1.0" encoding="UTF-8"?>
<!-- Generated by org.testng.reporters.JUnitReportReporter -->
<testsuite skipped="0" hostname="ip-172-31-32-91" name="com.annotations.TestAnnotations3" tests="3" failures="0" timestamp="2020-06-06T17:09:26 UTC" time="0.015" errors="0">
  <testcase name="Login" time="0.011" classname="com.annotations.TestAnnotations3"/>
  <testcase name="AccountEnquiry" time="0.002" classname="com.annotations.TestAnnotations3"/>
  <testcase name="FundTransfer" time="0.002" classname="com.annotations.TestAnnotations3"/>
</testsuite> <!-- com.annotations.TestAnnotations3 -->
