<?xml version="1.0" encoding="UTF-8"?>
<!-- Generated by org.testng.reporters.JUnitReportReporter -->
<testsuite skipped="0" hostname="ip-172-31-32-91" name="com.dpexample.Login" tests="2" failures="0" timestamp="2020-06-07T15:59:36 UTC" time="0.019" errors="0">
  <testcase name="LoginTestCase" time="0.002" classname="com.dpexample.Login"/>
  <testcase name="LoginTestCase" time="0.017" classname="com.dpexample.Login"/>
</testsuite> <!-- com.dpexample.Login -->
