<?xml version="1.0" encoding="UTF-8"?>
<!-- Generated by org.testng.reporters.JUnitReportReporter -->
<testsuite skipped="0" hostname="ip-172-31-32-91" name="com.annotations.TestAnnotations4" tests="2" failures="0" timestamp="2020-06-06T17:53:00 UTC" time="0.008" errors="0">
  <testcase name="Test2" time="0.002" classname="com.annotations.TestAnnotations4"/>
  <testcase name="Test1" time="0.006" classname="com.annotations.TestAnnotations4"/>
</testsuite> <!-- com.annotations.TestAnnotations4 -->
